2014-11-10 18:49:53.282 E-MissionApp[12977:856501] DiskCookieStorage changing policy from 2 to 0, cookie file: file:///Users/shankari/Library/Developer/CoreSimulator/Devices/F595A06F-D65D-4284-B8B5-054D652FA2BB/data/Containers/Data/Application/EA968436-08FC-499B-8FED-B41893F350D0/Library/Cookies/Cookies.binarycookies
2014-11-10 18:49:53.603 E-MissionApp[12977:856501] Apache Cordova native platform version 3.6.3 is starting.
2014-11-10 18:49:53.604 E-MissionApp[12977:856501] Multi-tasking -> Device: YES, App: YES
2014-11-10 18:49:53.627 E-MissionApp[12977:856501] Unlimited access to network resources
2014-11-10 18:49:53.635 E-MissionApp[12977:856501] 

Started backup to iCloud! Please be careful.
Your application might be rejected by Apple if you store too much data.
For more information please read "iOS Data Storage Guidelines" at:
https://developer.apple.com/icloud/documentation/data-storage/

2014-11-10 18:49:54.525 E-MissionApp[12977:856501] Resetting plugins due to page load.
2014-11-10 18:49:54.658 E-MissionApp[12977:856501] Finished load of: file:///Users/shankari/Library/Developer/CoreSimulator/Devices/F595A06F-D65D-4284-B8B5-054D652FA2BB/data/Containers/Bundle/Application/DF259323-1ADA-4944-A66E-F80E698CA258/E-MissionApp.app/www/index.html
2014-11-10 23:00:27.258 E-MissionApp[13543:881889] DiskCookieStorage changing policy from 2 to 0, cookie file: file:///Users/shankari/Library/Developer/CoreSimulator/Devices/F595A06F-D65D-4284-B8B5-054D652FA2BB/data/Containers/Data/Application/28F1C4BB-8AC8-4F56-94CE-CCE93B00ECD7/Library/Cookies/Cookies.binarycookies
2014-11-10 23:00:27.542 E-MissionApp[13543:881889] Apache Cordova native platform version 3.6.3 is starting.
2014-11-10 23:00:27.542 E-MissionApp[13543:881889] Multi-tasking -> Device: YES, App: YES
2014-11-10 23:00:27.559 E-MissionApp[13543:881889] Unlimited access to network resources
2014-11-10 23:00:27.564 E-MissionApp[13543:881889] 

Started backup to iCloud! Please be careful.
Your application might be rejected by Apple if you store too much data.
For more information please read "iOS Data Storage Guidelines" at:
https://developer.apple.com/icloud/documentation/data-storage/

2014-11-10 23:00:28.389 E-MissionApp[13543:881889] Resetting plugins due to page load.
2014-11-10 23:00:28.497 E-MissionApp[13543:881889] Finished load of: file:///Users/shankari/Library/Developer/CoreSimulator/Devices/F595A06F-D65D-4284-B8B5-054D652FA2BB/data/Containers/Bundle/Application/502866E6-D052-416F-96B2-F7DD6D1E0001/E-MissionApp.app/www/index.html
2014-11-10 23:01:50.994 E-MissionApp[13644:883153] DiskCookieStorage changing policy from 2 to 0, cookie file: file:///Users/shankari/Library/Developer/CoreSimulator/Devices/F595A06F-D65D-4284-B8B5-054D652FA2BB/data/Containers/Data/Application/1FD9E185-E824-48E0-847C-717C6B584E01/Library/Cookies/Cookies.binarycookies
2014-11-10 23:01:51.130 E-MissionApp[13644:883153] Apache Cordova native platform version 3.6.3 is starting.
2014-11-10 23:01:51.130 E-MissionApp[13644:883153] Multi-tasking -> Device: YES, App: YES
2014-11-10 23:01:51.135 E-MissionApp[13644:883153] Unlimited access to network resources
2014-11-10 23:01:51.139 E-MissionApp[13644:883153] 

Started backup to iCloud! Please be careful.
Your application might be rejected by Apple if you store too much data.
For more information please read "iOS Data Storage Guidelines" at:
https://developer.apple.com/icloud/documentation/data-storage/

2014-11-10 23:01:51.693 E-MissionApp[13644:883153] Resetting plugins due to page load.
2014-11-10 23:01:51.753 E-MissionApp[13644:883153] Finished load of: file:///Users/shankari/Library/Developer/CoreSimulator/Devices/F595A06F-D65D-4284-B8B5-054D652FA2BB/data/Containers/Bundle/Application/9E52274A-9D5E-433B-89C9-5F09B21DD8A2/E-MissionApp.app/www/index.html
2014-11-10 23:26:27.938 E-MissionApp[14487:896874] DiskCookieStorage changing policy from 2 to 0, cookie file: file:///Users/shankari/Library/Developer/CoreSimulator/Devices/F595A06F-D65D-4284-B8B5-054D652FA2BB/data/Containers/Data/Application/C45C076A-F1C1-4F4E-BBA3-7DE8D1A5BA50/Library/Cookies/Cookies.binarycookies
2014-11-10 23:26:28.078 E-MissionApp[14487:896874] Apache Cordova native platform version 3.6.3 is starting.
2014-11-10 23:26:28.079 E-MissionApp[14487:896874] Multi-tasking -> Device: YES, App: YES
2014-11-10 23:26:28.084 E-MissionApp[14487:896874] Unlimited access to network resources
2014-11-10 23:26:28.088 E-MissionApp[14487:896874] 

Started backup to iCloud! Please be careful.
Your application might be rejected by Apple if you store too much data.
For more information please read "iOS Data Storage Guidelines" at:
https://developer.apple.com/icloud/documentation/data-storage/

2014-11-10 23:26:28.679 E-MissionApp[14487:896874] Resetting plugins due to page load.
2014-11-10 23:26:28.742 E-MissionApp[14487:896874] Finished load of: file:///Users/shankari/Library/Developer/CoreSimulator/Devices/F595A06F-D65D-4284-B8B5-054D652FA2BB/data/Containers/Bundle/Application/68EABD48-F96C-4A55-B938-0D93D8C29F87/E-MissionApp.app/www/index.html
2014-11-10 23:26:28.771 E-MissionApp[14487:896874] Detected docs path: /Users/shankari/Library/Developer/CoreSimulator/Devices/F595A06F-D65D-4284-B8B5-054D652FA2BB/data/Containers/Data/Application/C45C076A-F1C1-4F4E-BBA3-7DE8D1A5BA50/Documents
2014-11-10 23:26:28.773 E-MissionApp[14487:896874] Good news: SQLite is thread safe!
2014-11-10 23:34:21.911 E-MissionApp[14976:902447] DiskCookieStorage changing policy from 2 to 0, cookie file: file:///Users/shankari/Library/Developer/CoreSimulator/Devices/F595A06F-D65D-4284-B8B5-054D652FA2BB/data/Containers/Data/Application/5CB1E0F7-A7C8-4EE5-AC4A-2F831A08CCAC/Library/Cookies/Cookies.binarycookies
2014-11-10 23:34:22.069 E-MissionApp[14976:902447] Apache Cordova native platform version 3.6.3 is starting.
2014-11-10 23:34:22.069 E-MissionApp[14976:902447] Multi-tasking -> Device: YES, App: YES
2014-11-10 23:34:22.075 E-MissionApp[14976:902447] Unlimited access to network resources
2014-11-10 23:34:22.078 E-MissionApp[14976:902447] 

Started backup to iCloud! Please be careful.
Your application might be rejected by Apple if you store too much data.
For more information please read "iOS Data Storage Guidelines" at:
https://developer.apple.com/icloud/documentation/data-storage/

2014-11-10 23:34:22.765 E-MissionApp[14976:902447] Resetting plugins due to page load.
2014-11-10 23:34:22.847 E-MissionApp[14976:902447] Finished load of: file:///Users/shankari/Library/Developer/CoreSimulator/Devices/F595A06F-D65D-4284-B8B5-054D652FA2BB/data/Containers/Bundle/Application/897F65C6-6F39-42A7-9C15-DE3F2F6695AA/E-MissionApp.app/www/index.html
2014-11-10 23:34:22.868 E-MissionApp[14976:902447] Detected docs path: /Users/shankari/Library/Developer/CoreSimulator/Devices/F595A06F-D65D-4284-B8B5-054D652FA2BB/data/Containers/Data/Application/5CB1E0F7-A7C8-4EE5-AC4A-2F831A08CCAC/Documents
2014-11-10 23:34:22.869 E-MissionApp[14976:902447] Good news: SQLite is thread safe!
2014-11-10 23:56:51.383 E-MissionApp[15095:911429] DiskCookieStorage changing policy from 2 to 0, cookie file: file:///Users/shankari/Library/Developer/CoreSimulator/Devices/F595A06F-D65D-4284-B8B5-054D652FA2BB/data/Containers/Data/Application/446147A8-BF10-41E3-913C-5BCAE00F227B/Library/Cookies/Cookies.binarycookies
2014-11-10 23:56:51.537 E-MissionApp[15095:911429] Apache Cordova native platform version 3.6.3 is starting.
2014-11-10 23:56:51.538 E-MissionApp[15095:911429] Multi-tasking -> Device: YES, App: YES
2014-11-10 23:56:51.544 E-MissionApp[15095:911429] Unlimited access to network resources
2014-11-10 23:56:51.548 E-MissionApp[15095:911429] 

Started backup to iCloud! Please be careful.
Your application might be rejected by Apple if you store too much data.
For more information please read "iOS Data Storage Guidelines" at:
https://developer.apple.com/icloud/documentation/data-storage/

2014-11-10 23:56:52.154 E-MissionApp[15095:911429] Resetting plugins due to page load.
2014-11-10 23:56:52.228 E-MissionApp[15095:911429] Finished load of: file:///Users/shankari/Library/Developer/CoreSimulator/Devices/F595A06F-D65D-4284-B8B5-054D652FA2BB/data/Containers/Bundle/Application/642BCE83-7385-4ED7-81F5-166D58363A40/E-MissionApp.app/www/index.html
2014-11-10 23:56:52.262 E-MissionApp[15095:911429] Detected docs path: /Users/shankari/Library/Developer/CoreSimulator/Devices/F595A06F-D65D-4284-B8B5-054D652FA2BB/data/Containers/Data/Application/446147A8-BF10-41E3-913C-5BCAE00F227B/Documents
2014-11-10 23:56:52.263 E-MissionApp[15095:911429] Good news: SQLite is thread safe!
2014-11-11 00:33:19.871 E-MissionApp[15923:932151] DiskCookieStorage changing policy from 2 to 0, cookie file: file:///Users/shankari/Library/Developer/CoreSimulator/Devices/F595A06F-D65D-4284-B8B5-054D652FA2BB/data/Containers/Data/Application/E1077AEB-C116-4800-A3F4-482E71FE336D/Library/Cookies/Cookies.binarycookies
2014-11-11 00:33:20.093 E-MissionApp[15923:932151] Apache Cordova native platform version 3.6.3 is starting.
2014-11-11 00:33:20.093 E-MissionApp[15923:932151] Multi-tasking -> Device: YES, App: YES
2014-11-11 00:33:20.098 E-MissionApp[15923:932151] Unlimited access to network resources
2014-11-11 00:33:20.102 E-MissionApp[15923:932151] 

Started backup to iCloud! Please be careful.
Your application might be rejected by Apple if you store too much data.
For more information please read "iOS Data Storage Guidelines" at:
https://developer.apple.com/icloud/documentation/data-storage/

2014-11-11 00:33:20.832 E-MissionApp[15923:932151] Resetting plugins due to page load.
2014-11-11 00:33:20.946 E-MissionApp[15923:932151] Finished load of: file:///Users/shankari/Library/Developer/CoreSimulator/Devices/F595A06F-D65D-4284-B8B5-054D652FA2BB/data/Containers/Bundle/Application/6D33FC2B-C7C6-46C8-B38A-CD24B67E14F6/E-MissionApp.app/www/index.html
2014-11-11 00:33:20.968 E-MissionApp[15923:932151] Detected docs path: /Users/shankari/Library/Developer/CoreSimulator/Devices/F595A06F-D65D-4284-B8B5-054D652FA2BB/data/Containers/Data/Application/E1077AEB-C116-4800-A3F4-482E71FE336D/Documents
2014-11-11 00:33:20.970 E-MissionApp[15923:932151] Good news: SQLite is thread safe!
2014-11-12 19:10:20.422 E-MissionApp[19734:686068] DiskCookieStorage changing policy from 2 to 0, cookie file: file:///Users/shankari/Library/Developer/CoreSimulator/Devices/F595A06F-D65D-4284-B8B5-054D652FA2BB/data/Containers/Data/Application/3148FB81-80AA-4DE5-B655-05FE0A211FE5/Library/Cookies/Cookies.binarycookies
2014-11-12 19:10:20.627 E-MissionApp[19734:686068] Copying file from /Users/shankari/Library/Developer/CoreSimulator/Devices/F595A06F-D65D-4284-B8B5-054D652FA2BB/data/Containers/Data/Application/3148FB81-80AA-4DE5-B655-05FE0A211FE5/Documents/TripSections.db to /Users/shankari/Library/Developer/CoreSimulator/Devices/F595A06F-D65D-4284-B8B5-054D652FA2BB/data/Containers/Bundle/Application/709F42A8-74EC-430F-A030-DC77C7E2D5D8/E-MissionApp.app/TripSections.db
2014-11-12 19:10:20.638 E-MissionApp[19734:686068] Copying file from /Users/shankari/Library/Developer/CoreSimulator/Devices/F595A06F-D65D-4284-B8B5-054D652FA2BB/data/Containers/Data/Application/3148FB81-80AA-4DE5-B655-05FE0A211FE5/Documents/ClientStats.db to /Users/shankari/Library/Developer/CoreSimulator/Devices/F595A06F-D65D-4284-B8B5-054D652FA2BB/data/Containers/Bundle/Application/709F42A8-74EC-430F-A030-DC77C7E2D5D8/E-MissionApp.app/ClientStats.db
2014-11-12 19:10:20.648 E-MissionApp[19734:686068] creating new AuthCompletionHandler sharedInstance
2014-11-12 19:10:20.703 E-MissionApp[19734:686068] The last viewed version number: (null)
2014-11-12 19:10:21.454 E-MissionApp[19734:686068] Unknown class InfoView in Interface Builder file.
2014-11-12 19:10:21.515 E-MissionApp[19734:686068] applicationDidBecomeActive called
2014-11-12 19:10:21.518 E-MissionApp[19734:686068] Attempting to badge the application icon but haven't received permission from the user to badge the application
2014-11-12 19:10:21.519 E-MissionApp[19734:686068] The rootViewController is: MasterNavController
2014-11-12 19:10:40.555 E-MissionApp[19734:686068] Saving version number
2014-11-12 19:10:40.567 E-MissionApp[19734:686068] The last viewed version number: (null)
2014-11-12 19:10:41.916 E-MissionApp[19734:686068] Saving version number
2014-11-12 19:10:41.936 E-MissionApp[19734:686068] The last viewed version number: 1.0
2014-11-12 19:10:41.948 E-MissionApp[19734:686068] About to add delegate, nListeners = 0
2014-11-12 19:10:41.948 E-MissionApp[19734:686068] After adding delegate, nListeners = 1
2014-11-12 19:10:41.948 E-MissionApp[19734:686068] attempting connection to moves
2014-11-12 19:10:41.948 E-MissionApp[19734:686068] enableGoogleButton called
2014-11-12 19:10:45.446 E-MissionApp[19734:686068] LogIn With Google button clicked.
2014-11-12 19:11:13.684 E-MissionApp[19734:686068] AuthCompletionHandler.finishedWithAuth called, nListeners = 1
2014-11-12 19:11:13.684 E-MissionApp[19734:686068] AuthCompletionHandler.finishedWithAuth notifying listener 0
2014-11-12 19:11:13.685 E-MissionApp[19734:686068] OnBoardViewController.finishedWithAuth called with auth = GTMOAuth2Authentication 0x7a6861c0: {accessToken="ya29.vQA07lWS6MVILzBlrRMYC81Z56kRwhv7nP-WqzJveXKd4Swn2kxKJURLaqASiF2EPWEFZ6G4KvFYWw", refreshToken="1/UxkgR7cy-vw9_yLA4wvXIv0ZQLqBSdNhdkIng8G_VOUMEudVrK5jSpoR30zcRFq6", code="4/0oinrgUaRVl_KaF36od2wrS2fNtfW14LaIBgskKCob4", expirationDate="2014-11-13 04:11:13 +0000"} and error = (null)
2014-11-12 19:11:13.692 E-MissionApp[19734:686068] CommunicationHelper.getCustomSettings called!
2014-11-12 19:11:13.692 E-MissionApp[19734:686068] CommunicationHelper.execute called!
2014-11-12 19:11:13.692 E-MissionApp[19734:686068] currAuth = GTMOAuth2Authentication 0x7a6861c0: {accessToken="ya29.vQA07lWS6MVILzBlrRMYC81Z56kRwhv7nP-WqzJveXKd4Swn2kxKJURLaqASiF2EPWEFZ6G4KvFYWw", refreshToken="1/UxkgR7cy-vw9_yLA4wvXIv0ZQLqBSdNhdkIng8G_VOUMEudVrK5jSpoR30zcRFq6", code="4/0oinrgUaRVl_KaF36od2wrS2fNtfW14LaIBgskKCob4", expirationDate="2014-11-13 04:11:13 +0000"}, canAuthorize = YES, expiresIn = 3600, expirationDate = 2014-11-13 04:11:13 +0000, expired = NO
2014-11-12 19:11:13.693 E-MissionApp[19734:686068] Existing auth token not expired, posting to host
2014-11-12 19:11:13.693 E-MissionApp[19734:686068] postToHost called with url = /profile/create -- https://e-mission.eecs.berkeley.edu/
2014-11-12 19:11:13.693 E-MissionApp[19734:686068] session queue = <NSOperationQueue: 0x7c042780>{name = 'NSOperationQueue Main Queue'}, mainQueue = <NSOperationQueue: 0x7c042780>{name = 'NSOperationQueue Main Queue'}
2014-11-12 19:11:13.696 E-MissionApp[19734:686068] disableGoogleButton called
2014-11-12 19:11:14.308 E-MissionApp[19734:686068] CommunicationHelper.getCustomSettings called!
2014-11-12 19:11:14.308 E-MissionApp[19734:686068] CommunicationHelper.execute called!
2014-11-12 19:11:14.308 E-MissionApp[19734:686068] currAuth = GTMOAuth2Authentication 0x7a6861c0: {accessToken="ya29.vQA07lWS6MVILzBlrRMYC81Z56kRwhv7nP-WqzJveXKd4Swn2kxKJURLaqASiF2EPWEFZ6G4KvFYWw", refreshToken="1/UxkgR7cy-vw9_yLA4wvXIv0ZQLqBSdNhdkIng8G_VOUMEudVrK5jSpoR30zcRFq6", code="4/0oinrgUaRVl_KaF36od2wrS2fNtfW14LaIBgskKCob4", expirationDate="2014-11-13 04:11:13 +0000"}, canAuthorize = YES, expiresIn = 3600, expirationDate = 2014-11-13 04:11:13 +0000, expired = NO
2014-11-12 19:11:14.309 E-MissionApp[19734:686068] Existing auth token not expired, posting to host
2014-11-12 19:11:14.309 E-MissionApp[19734:686068] postToHost called with url = /profile/settings -- https://e-mission.eecs.berkeley.edu/
2014-11-12 19:11:14.309 E-MissionApp[19734:686068] session queue = <NSOperationQueue: 0x7c042780>{name = 'NSOperationQueue Main Queue'}, mainQueue = <NSOperationQueue: 0x7c042780>{name = 'NSOperationQueue Main Queue'}
2014-11-12 19:11:20.803 E-MissionApp[19734:686068] applicationDidEnterBackground called
2014-11-12 19:11:33.912 E-MissionApp[19827:687269] DiskCookieStorage changing policy from 2 to 0, cookie file: file:///Users/shankari/Library/Developer/CoreSimulator/Devices/F595A06F-D65D-4284-B8B5-054D652FA2BB/data/Containers/Data/Application/D651D40D-BB07-4FE7-9B93-EC29F6176334/Library/Cookies/Cookies.binarycookies
2014-11-12 19:11:34.053 E-MissionApp[19827:687269] creating new AuthCompletionHandler sharedInstance
2014-11-12 19:11:34.087 E-MissionApp[19827:687269] The last viewed version number: 1.0
2014-11-12 19:11:34.091 E-MissionApp[19827:687269] Apache Cordova native platform version 3.6.3 is starting.
2014-11-12 19:11:34.091 E-MissionApp[19827:687269] Multi-tasking -> Device: YES, App: YES
2014-11-12 19:11:34.111 E-MissionApp[19827:687269] Unlimited access to network resources
2014-11-12 19:11:34.127 E-MissionApp[19827:687269] 

Started backup to iCloud! Please be careful.
Your application might be rejected by Apple if you store too much data.
For more information please read "iOS Data Storage Guidelines" at:
https://developer.apple.com/icloud/documentation/data-storage/

2014-11-12 19:11:34.561 E-MissionApp[19827:687269] SignInView.initWithNibName called!
2014-11-12 19:11:34.561 E-MissionApp[19827:687269] SignInView.gppInit called!
2014-11-12 19:11:34.562 E-MissionApp[19827:687269] About to add delegate, nListeners = 0
2014-11-12 19:11:34.562 E-MissionApp[19827:687269] After adding delegate, nListeners = 1
2014-11-12 19:11:34.640 E-MissionApp[19827:687269] Resetting plugins due to page load.
2014-11-12 19:11:34.670 E-MissionApp[19827:687269] applicationDidBecomeActive called
2014-11-12 19:11:34.674 E-MissionApp[19827:687269] Attempting to badge the application icon but haven't received permission from the user to badge the application
2014-11-12 19:11:34.674 E-MissionApp[19827:687269] The rootViewController is: MasterNavController
2014-11-12 19:11:34.736 E-MissionApp[19827:687269] Finished load of: file:///Users/shankari/Library/Developer/CoreSimulator/Devices/F595A06F-D65D-4284-B8B5-054D652FA2BB/data/Containers/Bundle/Application/AE4D9BE7-F74F-4549-B41D-FFBB31ADC96A/E-MissionApp.app/www/index.html
2014-11-12 19:12:51.229 E-MissionApp[19827:687269] In SignInViewController.viewWillAppear, authentication is NULL, trying to re-authenticate
2014-11-12 19:12:53.549 E-MissionApp[19827:687269] HTMLDisplayCommunicationHelper.displayResultSummary called!
2014-11-12 19:12:53.550 E-MissionApp[19827:687269] CommunicationHelper.execute called!
2014-11-12 19:12:53.550 E-MissionApp[19827:687269] currAuth = GTMOAuth2Authentication 0x78e97620: {refreshToken="1/UxkgR7cy-vw9_yLA4wvXIv0ZQLqBSdNhdkIng8G_VOUMEudVrK5jSpoR30zcRFq6"}, canAuthorize = YES, expiresIn = (null), expirationDate = (null), expired = YES
2014-11-12 19:12:53.550 E-MissionApp[19827:687269] Existing auth token expired, refreshing...
2014-11-12 19:12:53.791 E-MissionApp[19827:687269] Refresh completion block called, refreshed token is GTMOAuth2Authentication 0x78e97620: {accessToken="ya29.vQATnv9RHj2N97-iCPPWlLq3u0DV75_Q9u8-DZVYzX3YaQS9JPyjDAbazney0hYrUsQV3lgzoS5y8A", refreshToken="1/UxkgR7cy-vw9_yLA4wvXIv0ZQLqBSdNhdkIng8G_VOUMEudVrK5jSpoR30zcRFq6", expirationDate="2014-11-13 04:12:53 +0000"}
2014-11-12 19:12:53.792 E-MissionApp[19827:687269] Refresh is really done, posting to host
2014-11-12 19:12:53.792 E-MissionApp[19827:687269] postToHost called with url = https://e-mission.eecs.berkeley.edu/compare
2014-11-12 20:38:55.025 E-MissionApp[20598:725386] DiskCookieStorage changing policy from 2 to 0, cookie file: file:///Users/shankari/Library/Developer/CoreSimulator/Devices/F595A06F-D65D-4284-B8B5-054D652FA2BB/data/Containers/Data/Application/AB7A51B9-528C-47EE-ADD8-3865400B3DF1/Library/Cookies/Cookies.binarycookies
2014-11-12 20:38:55.306 E-MissionApp[20598:725386] creating new AuthCompletionHandler sharedInstance
2014-11-12 20:38:55.360 E-MissionApp[20598:725386] The last viewed version number: 1.0
2014-11-12 20:38:55.365 E-MissionApp[20598:725386] Apache Cordova native platform version 3.6.3 is starting.
2014-11-12 20:38:55.366 E-MissionApp[20598:725386] Multi-tasking -> Device: YES, App: YES
2014-11-12 20:38:55.380 E-MissionApp[20598:725386] Unlimited access to network resources
2014-11-12 20:38:55.407 E-MissionApp[20598:725386] 

Started backup to iCloud! Please be careful.
Your application might be rejected by Apple if you store too much data.
For more information please read "iOS Data Storage Guidelines" at:
https://developer.apple.com/icloud/documentation/data-storage/

2014-11-12 20:38:56.101 E-MissionApp[20598:725386] SignInView.initWithNibName called!
2014-11-12 20:38:56.101 E-MissionApp[20598:725386] SignInView.gppInit called!
2014-11-12 20:38:56.102 E-MissionApp[20598:725386] About to add delegate, nListeners = 0
2014-11-12 20:38:56.103 E-MissionApp[20598:725386] After adding delegate, nListeners = 1
2014-11-12 20:38:56.293 E-MissionApp[20598:725386] applicationDidBecomeActive called
2014-11-12 20:38:56.303 E-MissionApp[20598:725386] Attempting to badge the application icon but haven't received permission from the user to badge the application
2014-11-12 20:38:56.304 E-MissionApp[20598:725386] The rootViewController is: MasterNavController
2014-11-12 20:38:56.360 E-MissionApp[20598:725386] Resetting plugins due to page load.
2014-11-12 20:38:56.538 E-MissionApp[20598:725386] Finished load of: file:///Users/shankari/Library/Developer/CoreSimulator/Devices/F595A06F-D65D-4284-B8B5-054D652FA2BB/data/Containers/Bundle/Application/7DBDCD91-57A7-4501-B84D-9CA95CBF6B16/E-MissionApp.app/www/index.html
2014-11-12 20:38:56.607 E-MissionApp[20598:725386] Detected docs path: /Users/shankari/Library/Developer/CoreSimulator/Devices/F595A06F-D65D-4284-B8B5-054D652FA2BB/data/Containers/Data/Application/AB7A51B9-528C-47EE-ADD8-3865400B3DF1/Documents
2014-11-12 20:38:56.615 E-MissionApp[20598:725386] Good news: SQLite is thread safe!
2014-11-12 22:02:37.696 E-MissionApp[22207:775085] DiskCookieStorage changing policy from 2 to 0, cookie file: file:///Users/shankari/Library/Developer/CoreSimulator/Devices/F595A06F-D65D-4284-B8B5-054D652FA2BB/data/Containers/Data/Application/7F7AEB1C-CDEF-4DA3-94BB-ED134E312FC0/Library/Cookies/Cookies.binarycookies
2014-11-12 22:02:37.932 E-MissionApp[22207:775085] creating new AuthCompletionHandler sharedInstance
2014-11-12 22:02:37.969 E-MissionApp[22207:775085] The last viewed version number: 1.0
2014-11-12 22:02:37.972 E-MissionApp[22207:775085] Apache Cordova native platform version 3.6.3 is starting.
2014-11-12 22:02:37.973 E-MissionApp[22207:775085] Multi-tasking -> Device: YES, App: YES
2014-11-12 22:02:37.978 E-MissionApp[22207:775085] Unlimited access to network resources
2014-11-12 22:02:38.011 E-MissionApp[22207:775085] 

Started backup to iCloud! Please be careful.
Your application might be rejected by Apple if you store too much data.
For more information please read "iOS Data Storage Guidelines" at:
https://developer.apple.com/icloud/documentation/data-storage/

2014-11-12 22:02:38.472 E-MissionApp[22207:775085] SignInView.initWithNibName called!
2014-11-12 22:02:38.473 E-MissionApp[22207:775085] SignInView.gppInit called!
2014-11-12 22:02:38.474 E-MissionApp[22207:775085] About to add delegate, nListeners = 0
2014-11-12 22:02:38.474 E-MissionApp[22207:775085] After adding delegate, nListeners = 1
2014-11-12 22:02:38.567 E-MissionApp[22207:775085] applicationDidBecomeActive called
2014-11-12 22:02:38.571 E-MissionApp[22207:775085] Attempting to badge the application icon but haven't received permission from the user to badge the application
2014-11-12 22:02:38.571 E-MissionApp[22207:775085] The rootViewController is: MasterNavController
2014-11-12 22:02:38.618 E-MissionApp[22207:775085] Resetting plugins due to page load.
2014-11-12 22:02:38.746 E-MissionApp[22207:775085] Finished load of: file:///Users/shankari/Library/Developer/CoreSimulator/Devices/F595A06F-D65D-4284-B8B5-054D652FA2BB/data/Containers/Bundle/Application/EAA61DC4-2878-41A9-A305-DB9C9582B339/E-MissionApp.app/www/index.html
2014-11-12 22:02:38.775 E-MissionApp[22207:775085] Detected docs path: /Users/shankari/Library/Developer/CoreSimulator/Devices/F595A06F-D65D-4284-B8B5-054D652FA2BB/data/Containers/Data/Application/7F7AEB1C-CDEF-4DA3-94BB-ED134E312FC0/Documents
2014-11-12 22:02:38.782 E-MissionApp[22207:775085] Good news: SQLite is thread safe!
2014-11-12 22:02:47.609 E-MissionApp[22207:775085] Resetting plugins due to page load.
2014-11-12 22:02:47.942 E-MissionApp[22207:775085] Finished load of: file:///Users/shankari/Library/Developer/CoreSimulator/Devices/F595A06F-D65D-4284-B8B5-054D652FA2BB/data/Containers/Bundle/Application/EAA61DC4-2878-41A9-A305-DB9C9582B339/E-MissionApp.app/www/index_tests.html
2014-11-12 22:12:36.992 E-MissionApp[22434:779864] DiskCookieStorage changing policy from 2 to 0, cookie file: file:///Users/shankari/Library/Developer/CoreSimulator/Devices/F595A06F-D65D-4284-B8B5-054D652FA2BB/data/Containers/Data/Application/9053B90C-3C97-4822-B39D-2D556BE38B66/Library/Cookies/Cookies.binarycookies
2014-11-12 22:12:37.136 E-MissionApp[22434:779864] creating new AuthCompletionHandler sharedInstance
2014-11-12 22:12:37.172 E-MissionApp[22434:779864] The last viewed version number: 1.0
2014-11-12 22:12:37.176 E-MissionApp[22434:779864] Apache Cordova native platform version 3.6.3 is starting.
2014-11-12 22:12:37.177 E-MissionApp[22434:779864] Multi-tasking -> Device: YES, App: YES
2014-11-12 22:12:37.182 E-MissionApp[22434:779864] Unlimited access to network resources
2014-11-12 22:12:37.200 E-MissionApp[22434:779864] 

Started backup to iCloud! Please be careful.
Your application might be rejected by Apple if you store too much data.
For more information please read "iOS Data Storage Guidelines" at:
https://developer.apple.com/icloud/documentation/data-storage/

2014-11-12 22:12:37.624 E-MissionApp[22434:779864] SignInView.initWithNibName called!
2014-11-12 22:12:37.624 E-MissionApp[22434:779864] SignInView.gppInit called!
2014-11-12 22:12:37.625 E-MissionApp[22434:779864] About to add delegate, nListeners = 0
2014-11-12 22:12:37.625 E-MissionApp[22434:779864] After adding delegate, nListeners = 1
2014-11-12 22:12:37.674 E-MissionApp[22434:779864] applicationDidBecomeActive called
2014-11-12 22:12:37.681 E-MissionApp[22434:779864] Attempting to badge the application icon but haven't received permission from the user to badge the application
2014-11-12 22:12:37.682 E-MissionApp[22434:779864] The rootViewController is: MasterNavController
2014-11-12 22:12:37.726 E-MissionApp[22434:779864] Resetting plugins due to page load.
2014-11-12 22:12:37.793 E-MissionApp[22434:779864] Finished load of: file:///Users/shankari/Library/Developer/CoreSimulator/Devices/F595A06F-D65D-4284-B8B5-054D652FA2BB/data/Containers/Bundle/Application/584AC6DA-0E42-4430-AC6D-52F99D5CBEBE/E-MissionApp.app/www/index.html
2014-11-12 22:12:37.823 E-MissionApp[22434:779864] Detected docs path: /Users/shankari/Library/Developer/CoreSimulator/Devices/F595A06F-D65D-4284-B8B5-054D652FA2BB/data/Containers/Data/Application/9053B90C-3C97-4822-B39D-2D556BE38B66/Documents
2014-11-12 22:12:37.825 E-MissionApp[22434:779864] Good news: SQLite is thread safe!
2014-11-12 22:12:54.407 E-MissionApp[22434:779864] Resetting plugins due to page load.
2014-11-12 22:12:54.467 E-MissionApp[22434:779864] Finished load of: file:///Users/shankari/Library/Developer/CoreSimulator/Devices/F595A06F-D65D-4284-B8B5-054D652FA2BB/data/Containers/Bundle/Application/584AC6DA-0E42-4430-AC6D-52F99D5CBEBE/E-MissionApp.app/www/index_tests.html
2014-11-12 22:28:12.611 E-MissionApp[23532:789436] DiskCookieStorage changing policy from 2 to 0, cookie file: file:///Users/shankari/Library/Developer/CoreSimulator/Devices/F595A06F-D65D-4284-B8B5-054D652FA2BB/data/Containers/Data/Application/647E21ED-4C52-408E-BC38-15B2D48F1737/Library/Cookies/Cookies.binarycookies
2014-11-12 22:28:12.735 E-MissionApp[23532:789436] creating new AuthCompletionHandler sharedInstance
2014-11-12 22:28:12.767 E-MissionApp[23532:789436] The last viewed version number: 1.0
2014-11-12 22:28:12.770 E-MissionApp[23532:789436] Apache Cordova native platform version 3.6.3 is starting.
2014-11-12 22:28:12.771 E-MissionApp[23532:789436] Multi-tasking -> Device: YES, App: YES
2014-11-12 22:28:12.776 E-MissionApp[23532:789436] Unlimited access to network resources
2014-11-12 22:28:12.792 E-MissionApp[23532:789436] 

Started backup to iCloud! Please be careful.
Your application might be rejected by Apple if you store too much data.
For more information please read "iOS Data Storage Guidelines" at:
https://developer.apple.com/icloud/documentation/data-storage/

2014-11-12 22:28:13.201 E-MissionApp[23532:789436] SignInView.initWithNibName called!
2014-11-12 22:28:13.201 E-MissionApp[23532:789436] SignInView.gppInit called!
2014-11-12 22:28:13.202 E-MissionApp[23532:789436] About to add delegate, nListeners = 0
2014-11-12 22:28:13.203 E-MissionApp[23532:789436] After adding delegate, nListeners = 1
2014-11-12 22:28:13.257 E-MissionApp[23532:789436] applicationDidBecomeActive called
2014-11-12 22:28:13.261 E-MissionApp[23532:789436] Attempting to badge the application icon but haven't received permission from the user to badge the application
2014-11-12 22:28:13.261 E-MissionApp[23532:789436] The rootViewController is: MasterNavController
2014-11-12 22:28:13.307 E-MissionApp[23532:789436] Resetting plugins due to page load.
2014-11-12 22:28:13.382 E-MissionApp[23532:789436] Finished load of: file:///Users/shankari/Library/Developer/CoreSimulator/Devices/F595A06F-D65D-4284-B8B5-054D652FA2BB/data/Containers/Bundle/Application/70179ECE-C54C-4F6D-A85D-DA4496BEBCCA/E-MissionApp.app/www/index.html
2014-11-12 22:28:13.417 E-MissionApp[23532:789436] Detected docs path: /Users/shankari/Library/Developer/CoreSimulator/Devices/F595A06F-D65D-4284-B8B5-054D652FA2BB/data/Containers/Data/Application/647E21ED-4C52-408E-BC38-15B2D48F1737/Documents
2014-11-12 22:28:13.418 E-MissionApp[23532:789436] Good news: SQLite is thread safe!
2014-11-12 22:28:21.819 E-MissionApp[23532:789436] Resetting plugins due to page load.
2014-11-12 22:28:21.859 E-MissionApp[23532:789436] Finished load of: file:///Users/shankari/Library/Developer/CoreSimulator/Devices/F595A06F-D65D-4284-B8B5-054D652FA2BB/data/Containers/Bundle/Application/70179ECE-C54C-4F6D-A85D-DA4496BEBCCA/E-MissionApp.app/www/index_tests.html
2014-11-12 22:28:21.887 E-MissionApp[23532:789436] Good news: SQLite is thread safe!
2014-11-12 22:30:45.072 E-MissionApp[23895:791605] DiskCookieStorage changing policy from 2 to 0, cookie file: file:///Users/shankari/Library/Developer/CoreSimulator/Devices/F595A06F-D65D-4284-B8B5-054D652FA2BB/data/Containers/Data/Application/B33208C3-2CB8-4E39-8038-08CA57EC94A4/Library/Cookies/Cookies.binarycookies
2014-11-12 22:30:45.224 E-MissionApp[23895:791605] creating new AuthCompletionHandler sharedInstance
2014-11-12 22:30:45.259 E-MissionApp[23895:791605] The last viewed version number: 1.0
2014-11-12 22:30:45.262 E-MissionApp[23895:791605] Apache Cordova native platform version 3.6.3 is starting.
2014-11-12 22:30:45.262 E-MissionApp[23895:791605] Multi-tasking -> Device: YES, App: YES
2014-11-12 22:30:45.267 E-MissionApp[23895:791605] Unlimited access to network resources
2014-11-12 22:30:45.283 E-MissionApp[23895:791605] 

Started backup to iCloud! Please be careful.
Your application might be rejected by Apple if you store too much data.
For more information please read "iOS Data Storage Guidelines" at:
https://developer.apple.com/icloud/documentation/data-storage/

2014-11-12 22:30:45.721 E-MissionApp[23895:791605] SignInView.initWithNibName called!
2014-11-12 22:30:45.721 E-MissionApp[23895:791605] SignInView.gppInit called!
2014-11-12 22:30:45.722 E-MissionApp[23895:791605] About to add delegate, nListeners = 0
2014-11-12 22:30:45.722 E-MissionApp[23895:791605] After adding delegate, nListeners = 1
2014-11-12 22:30:45.784 E-MissionApp[23895:791605] applicationDidBecomeActive called
2014-11-12 22:30:45.788 E-MissionApp[23895:791605] Attempting to badge the application icon but haven't received permission from the user to badge the application
2014-11-12 22:30:45.788 E-MissionApp[23895:791605] The rootViewController is: MasterNavController
2014-11-12 22:30:45.834 E-MissionApp[23895:791605] Resetting plugins due to page load.
2014-11-12 22:30:45.905 E-MissionApp[23895:791605] Finished load of: file:///Users/shankari/Library/Developer/CoreSimulator/Devices/F595A06F-D65D-4284-B8B5-054D652FA2BB/data/Containers/Bundle/Application/055409BA-27AA-4295-9353-1D56DE385E4A/E-MissionApp.app/www/index.html
2014-11-12 22:30:45.934 E-MissionApp[23895:791605] Detected docs path: /Users/shankari/Library/Developer/CoreSimulator/Devices/F595A06F-D65D-4284-B8B5-054D652FA2BB/data/Containers/Data/Application/B33208C3-2CB8-4E39-8038-08CA57EC94A4/Documents
2014-11-12 22:30:45.935 E-MissionApp[23895:791605] Good news: SQLite is thread safe!
2014-11-12 22:30:55.246 E-MissionApp[23895:791605] Resetting plugins due to page load.
2014-11-12 22:30:55.287 E-MissionApp[23895:791605] Finished load of: file:///Users/shankari/Library/Developer/CoreSimulator/Devices/F595A06F-D65D-4284-B8B5-054D652FA2BB/data/Containers/Bundle/Application/055409BA-27AA-4295-9353-1D56DE385E4A/E-MissionApp.app/www/index_tests.html
2014-11-12 22:30:55.314 E-MissionApp[23895:791605] Good news: SQLite is thread safe!
2014-11-12 22:34:57.783 E-MissionApp[24359:794602] DiskCookieStorage changing policy from 2 to 0, cookie file: file:///Users/shankari/Library/Developer/CoreSimulator/Devices/F595A06F-D65D-4284-B8B5-054D652FA2BB/data/Containers/Data/Application/8F8F49F4-1FD8-44BF-A16C-826FC35134A5/Library/Cookies/Cookies.binarycookies
2014-11-12 22:34:57.929 E-MissionApp[24359:794602] creating new AuthCompletionHandler sharedInstance
2014-11-12 22:34:57.962 E-MissionApp[24359:794602] The last viewed version number: 1.0
2014-11-12 22:34:57.965 E-MissionApp[24359:794602] Apache Cordova native platform version 3.6.3 is starting.
2014-11-12 22:34:57.965 E-MissionApp[24359:794602] Multi-tasking -> Device: YES, App: YES
2014-11-12 22:34:57.970 E-MissionApp[24359:794602] Unlimited access to network resources
2014-11-12 22:34:57.987 E-MissionApp[24359:794602] 

Started backup to iCloud! Please be careful.
Your application might be rejected by Apple if you store too much data.
For more information please read "iOS Data Storage Guidelines" at:
https://developer.apple.com/icloud/documentation/data-storage/

2014-11-12 22:34:58.412 E-MissionApp[24359:794602] SignInView.initWithNibName called!
2014-11-12 22:34:58.413 E-MissionApp[24359:794602] SignInView.gppInit called!
2014-11-12 22:34:58.414 E-MissionApp[24359:794602] About to add delegate, nListeners = 0
2014-11-12 22:34:58.414 E-MissionApp[24359:794602] After adding delegate, nListeners = 1
2014-11-12 22:34:58.475 E-MissionApp[24359:794602] applicationDidBecomeActive called
2014-11-12 22:34:58.479 E-MissionApp[24359:794602] Attempting to badge the application icon but haven't received permission from the user to badge the application
2014-11-12 22:34:58.479 E-MissionApp[24359:794602] The rootViewController is: MasterNavController
2014-11-12 22:34:58.524 E-MissionApp[24359:794602] Resetting plugins due to page load.
2014-11-12 22:34:58.602 E-MissionApp[24359:794602] Finished load of: file:///Users/shankari/Library/Developer/CoreSimulator/Devices/F595A06F-D65D-4284-B8B5-054D652FA2BB/data/Containers/Bundle/Application/27E1818D-09B4-4D67-9F63-0A80D27E2443/E-MissionApp.app/www/index.html
2014-11-12 22:34:58.630 E-MissionApp[24359:794602] Detected docs path: /Users/shankari/Library/Developer/CoreSimulator/Devices/F595A06F-D65D-4284-B8B5-054D652FA2BB/data/Containers/Data/Application/8F8F49F4-1FD8-44BF-A16C-826FC35134A5/Documents
2014-11-12 22:34:58.631 E-MissionApp[24359:794602] Good news: SQLite is thread safe!
2014-11-12 22:35:07.160 E-MissionApp[24359:794602] Resetting plugins due to page load.
2014-11-12 22:35:07.213 E-MissionApp[24359:794602] Finished load of: file:///Users/shankari/Library/Developer/CoreSimulator/Devices/F595A06F-D65D-4284-B8B5-054D652FA2BB/data/Containers/Bundle/Application/27E1818D-09B4-4D67-9F63-0A80D27E2443/E-MissionApp.app/www/tests/index.html
2014-11-12 22:35:07.241 E-MissionApp[24359:794602] Good news: SQLite is thread safe!
2014-11-12 23:24:41.897 E-MissionApp[27791:818668] DiskCookieStorage changing policy from 2 to 0, cookie file: file:///Users/shankari/Library/Developer/CoreSimulator/Devices/F595A06F-D65D-4284-B8B5-054D652FA2BB/data/Containers/Data/Application/BFE9104F-1124-406D-A97C-5AE3F8F1450E/Library/Cookies/Cookies.binarycookies
2014-11-12 23:24:42.070 E-MissionApp[27791:818668] creating new AuthCompletionHandler sharedInstance
2014-11-12 23:24:42.102 E-MissionApp[27791:818668] The last viewed version number: 1.0
2014-11-12 23:24:42.105 E-MissionApp[27791:818668] Apache Cordova native platform version 3.6.3 is starting.
2014-11-12 23:24:42.105 E-MissionApp[27791:818668] Multi-tasking -> Device: YES, App: YES
2014-11-12 23:24:42.111 E-MissionApp[27791:818668] Unlimited access to network resources
2014-11-12 23:24:42.127 E-MissionApp[27791:818668] 

Started backup to iCloud! Please be careful.
Your application might be rejected by Apple if you store too much data.
For more information please read "iOS Data Storage Guidelines" at:
https://developer.apple.com/icloud/documentation/data-storage/

2014-11-12 23:24:42.551 E-MissionApp[27791:818668] SignInView.initWithNibName called!
2014-11-12 23:24:42.552 E-MissionApp[27791:818668] SignInView.gppInit called!
2014-11-12 23:24:42.553 E-MissionApp[27791:818668] About to add delegate, nListeners = 0
2014-11-12 23:24:42.553 E-MissionApp[27791:818668] After adding delegate, nListeners = 1
2014-11-12 23:24:42.645 E-MissionApp[27791:818668] applicationDidBecomeActive called
2014-11-12 23:24:42.649 E-MissionApp[27791:818668] Attempting to badge the application icon but haven't received permission from the user to badge the application
2014-11-12 23:24:42.649 E-MissionApp[27791:818668] The rootViewController is: MasterNavController
2014-11-12 23:24:42.695 E-MissionApp[27791:818668] Resetting plugins due to page load.
2014-11-12 23:24:42.779 E-MissionApp[27791:818668] Finished load of: file:///Users/shankari/Library/Developer/CoreSimulator/Devices/F595A06F-D65D-4284-B8B5-054D652FA2BB/data/Containers/Bundle/Application/2D89CD5E-B8F0-47DA-BBA9-E16CB0AB7B78/E-MissionApp.app/www/index.html
2014-11-12 23:24:42.809 E-MissionApp[27791:818668] Detected docs path: /Users/shankari/Library/Developer/CoreSimulator/Devices/F595A06F-D65D-4284-B8B5-054D652FA2BB/data/Containers/Data/Application/BFE9104F-1124-406D-A97C-5AE3F8F1450E/Documents
2014-11-12 23:24:42.810 E-MissionApp[27791:818668] Good news: SQLite is thread safe!
2014-11-12 23:24:51.994 E-MissionApp[27791:818668] Resetting plugins due to page load.
2014-11-12 23:24:52.034 E-MissionApp[27791:818668] Finished load of: file:///Users/shankari/Library/Developer/CoreSimulator/Devices/F595A06F-D65D-4284-B8B5-054D652FA2BB/data/Containers/Bundle/Application/2D89CD5E-B8F0-47DA-BBA9-E16CB0AB7B78/E-MissionApp.app/www/tests/index.html
2014-11-12 23:24:52.060 E-MissionApp[27791:818668] Good news: SQLite is thread safe!
2014-11-12 23:25:20.150 E-MissionApp[27791:818668] Resetting plugins due to page load.
2014-11-12 23:25:20.182 E-MissionApp[27791:818668] Finished load of: file:///Users/shankari/Library/Developer/CoreSimulator/Devices/F595A06F-D65D-4284-B8B5-054D652FA2BB/data/Containers/Bundle/Application/2D89CD5E-B8F0-47DA-BBA9-E16CB0AB7B78/E-MissionApp.app/www/tests/index.html?testNumber=2
2014-11-12 23:25:20.197 E-MissionApp[27791:818668] Good news: SQLite is thread safe!
2014-11-12 23:59:56.141 E-MissionApp[27791:835165] Terminating since there is no system app.
2014-11-13 09:40:08.991 E-MissionApp[34567:872736] DiskCookieStorage changing policy from 2 to 0, cookie file: file:///Users/shankari/Library/Developer/CoreSimulator/Devices/F595A06F-D65D-4284-B8B5-054D652FA2BB/data/Containers/Data/Application/E2F39789-27B3-4955-B181-BF44BFE891F3/Library/Cookies/Cookies.binarycookies
2014-11-13 09:40:09.277 E-MissionApp[34567:872736] creating new AuthCompletionHandler sharedInstance
2014-11-13 09:40:09.313 E-MissionApp[34567:872736] The last viewed version number: 1.0
2014-11-13 09:40:09.317 E-MissionApp[34567:872736] Apache Cordova native platform version 3.6.3 is starting.
2014-11-13 09:40:09.317 E-MissionApp[34567:872736] Multi-tasking -> Device: YES, App: YES
2014-11-13 09:40:09.334 E-MissionApp[34567:872736] Unlimited access to network resources
2014-11-13 09:40:09.351 E-MissionApp[34567:872736] 

Started backup to iCloud! Please be careful.
Your application might be rejected by Apple if you store too much data.
For more information please read "iOS Data Storage Guidelines" at:
https://developer.apple.com/icloud/documentation/data-storage/

2014-11-13 09:40:09.959 E-MissionApp[34567:872736] SignInView.initWithNibName called!
2014-11-13 09:40:09.959 E-MissionApp[34567:872736] SignInView.gppInit called!
2014-11-13 09:40:09.960 E-MissionApp[34567:872736] About to add delegate, nListeners = 0
2014-11-13 09:40:09.960 E-MissionApp[34567:872736] After adding delegate, nListeners = 1
2014-11-13 09:40:10.091 E-MissionApp[34567:872736] applicationDidBecomeActive called
2014-11-13 09:40:10.095 E-MissionApp[34567:872736] Attempting to badge the application icon but haven't received permission from the user to badge the application
2014-11-13 09:40:10.095 E-MissionApp[34567:872736] The rootViewController is: MasterNavController
2014-11-13 09:40:10.148 E-MissionApp[34567:872736] Resetting plugins due to page load.
2014-11-13 09:40:10.263 E-MissionApp[34567:872736] Finished load of: file:///Users/shankari/Library/Developer/CoreSimulator/Devices/F595A06F-D65D-4284-B8B5-054D652FA2BB/data/Containers/Bundle/Application/C0BC5177-9D58-41A4-BCF1-290D8E7150EB/E-MissionApp.app/www/index.html
2014-11-13 09:40:10.302 E-MissionApp[34567:872736] Detected docs path: /Users/shankari/Library/Developer/CoreSimulator/Devices/F595A06F-D65D-4284-B8B5-054D652FA2BB/data/Containers/Data/Application/E2F39789-27B3-4955-B181-BF44BFE891F3/Documents
2014-11-13 09:40:10.309 E-MissionApp[34567:872736] Good news: SQLite is thread safe!
2014-11-13 09:40:21.591 E-MissionApp[34567:872736] Resetting plugins due to page load.
2014-11-13 09:40:21.644 E-MissionApp[34567:872736] Finished load of: file:///Users/shankari/Library/Developer/CoreSimulator/Devices/F595A06F-D65D-4284-B8B5-054D652FA2BB/data/Containers/Bundle/Application/C0BC5177-9D58-41A4-BCF1-290D8E7150EB/E-MissionApp.app/www/tests/index.html
2014-11-13 09:40:21.678 E-MissionApp[34567:872736] Good news: SQLite is thread safe!
2014-11-13 09:43:04.029 E-MissionApp[34567:872736] HTMLDisplayCommunicationHelper.displayResultSummary called!
2014-11-13 09:43:04.030 E-MissionApp[34567:872736] CommunicationHelper.execute called!
2014-11-13 09:43:04.030 E-MissionApp[34567:872736] tryToAuthenticate called
2014-11-13 09:43:04.030 E-MissionApp[34567:872736] About to add delegate, nListeners = 1
2014-11-13 09:43:04.030 E-MissionApp[34567:872736] After adding delegate, nListeners = 2
2014-11-13 09:43:04.036 E-MissionApp[34567:872736] callback should be called, we will deal with it there
